This is pdfTeX, Version 3.14159265-2.6-1.40.18 (TeX Live 2017/Debian) (preloaded format=pdflatex 2017.7.13)  2 AUG 2017 07:20
entering extended mode
 restricted \write18 enabled.
 %&-line parsing enabled.
**meld_final.tex
(./meld_final.tex
LaTeX2e <2017-04-15>
Babel <3.11> and hyphenation patterns for 3 language(s) loaded.
(/usr/share/texlive/texmf-dist/tex/latex/IEEEtran/IEEEtran.cls
Document Class: IEEEtran 2015/08/26 V1.8b by Michael Shell
-- See the "IEEEtran_HOWTO" manual for usage information.
-- http://www.michaelshell.org/tex/ieeetran/
\@IEEEtrantmpdimenA=\dimen102
\@IEEEtrantmpdimenB=\dimen103
\@IEEEtrantmpdimenC=\dimen104
\@IEEEtrantmpcountA=\count79
\@IEEEtrantmpcountB=\count80
\@IEEEtrantmpcountC=\count81
\@IEEEtrantmptoksA=\toks14
LaTeX Font Info:    Try loading font information for OT1+ptm on input line 503.

(/usr/share/texlive/texmf-dist/tex/latex/psnfss/ot1ptm.fd
File: ot1ptm.fd 2001/06/04 font definitions for OT1/ptm.
)
-- Using 8.5in x 11in (letter) paper.
-- Using PDF output.
\@IEEEnormalsizeunitybaselineskip=\dimen105
-- This is a 12 point document.
\CLASSINFOnormalsizebaselineskip=\dimen106
\CLASSINFOnormalsizeunitybaselineskip=\dimen107
\IEEEnormaljot=\dimen108
LaTeX Font Info:    Font shape `OT1/ptm/bx/n' in size <6> not available
(Font)              Font shape `OT1/ptm/b/n' tried instead on input line 1090.
LaTeX Font Info:    Font shape `OT1/ptm/bx/it' in size <6> not available
(Font)              Font shape `OT1/ptm/b/it' tried instead on input line 1090.

LaTeX Font Info:    Font shape `OT1/ptm/bx/n' in size <8> not available
(Font)              Font shape `OT1/ptm/b/n' tried instead on input line 1090.
LaTeX Font Info:    Font shape `OT1/ptm/bx/it' in size <8> not available
(Font)              Font shape `OT1/ptm/b/it' tried instead on input line 1090.

LaTeX Font Info:    Font shape `OT1/ptm/bx/n' in size <9> not available
(Font)              Font shape `OT1/ptm/b/n' tried instead on input line 1090.
LaTeX Font Info:    Font shape `OT1/ptm/bx/it' in size <9> not available
(Font)              Font shape `OT1/ptm/b/it' tried instead on input line 1090.

LaTeX Font Info:    Font shape `OT1/ptm/bx/n' in size <10> not available
(Font)              Font shape `OT1/ptm/b/n' tried instead on input line 1090.
LaTeX Font Info:    Font shape `OT1/ptm/bx/it' in size <10> not available
(Font)              Font shape `OT1/ptm/b/it' tried instead on input line 1090.

LaTeX Font Info:    Font shape `OT1/ptm/bx/n' in size <12> not available
(Font)              Font shape `OT1/ptm/b/n' tried instead on input line 1090.
LaTeX Font Info:    Font shape `OT1/ptm/bx/it' in size <12> not available
(Font)              Font shape `OT1/ptm/b/it' tried instead on input line 1090.

LaTeX Font Info:    Font shape `OT1/ptm/bx/n' in size <14> not available
(Font)              Font shape `OT1/ptm/b/n' tried instead on input line 1090.
LaTeX Font Info:    Font shape `OT1/ptm/bx/it' in size <14> not available
(Font)              Font shape `OT1/ptm/b/it' tried instead on input line 1090.

LaTeX Font Info:    Font shape `OT1/ptm/bx/n' in size <20> not available
(Font)              Font shape `OT1/ptm/b/n' tried instead on input line 1090.
LaTeX Font Info:    Font shape `OT1/ptm/bx/it' in size <20> not available
(Font)              Font shape `OT1/ptm/b/it' tried instead on input line 1090.

LaTeX Font Info:    Font shape `OT1/ptm/bx/n' in size <22> not available
(Font)              Font shape `OT1/ptm/b/n' tried instead on input line 1090.
LaTeX Font Info:    Font shape `OT1/ptm/bx/it' in size <22> not available
(Font)              Font shape `OT1/ptm/b/it' tried instead on input line 1090.

LaTeX Font Info:    Font shape `OT1/ptm/bx/n' in size <24> not available
(Font)              Font shape `OT1/ptm/b/n' tried instead on input line 1090.
LaTeX Font Info:    Font shape `OT1/ptm/bx/it' in size <24> not available
(Font)              Font shape `OT1/ptm/b/it' tried instead on input line 1090.

\IEEEquantizedlength=\dimen109
\IEEEquantizedlengthdiff=\dimen110
\IEEEquantizedtextheightdiff=\dimen111
\IEEEilabelindentA=\dimen112
\IEEEilabelindentB=\dimen113
\IEEEilabelindent=\dimen114
\IEEEelabelindent=\dimen115
\IEEEdlabelindent=\dimen116
\IEEElabelindent=\dimen117
\IEEEiednormlabelsep=\dimen118
\IEEEiedmathlabelsep=\dimen119
\IEEEiedtopsep=\skip41
\c@section=\count82
\c@subsection=\count83
\c@subsubsection=\count84
\c@paragraph=\count85
\c@IEEEsubequation=\count86
\abovecaptionskip=\skip42
\belowcaptionskip=\skip43
\c@figure=\count87
\c@table=\count88
\@IEEEeqnnumcols=\count89
\@IEEEeqncolcnt=\count90
\@IEEEsubeqnnumrollback=\count91
\@IEEEquantizeheightA=\dimen120
\@IEEEquantizeheightB=\dimen121
\@IEEEquantizeheightC=\dimen122
\@IEEEquantizeprevdepth=\dimen123
\@IEEEquantizemultiple=\count92
\@IEEEquantizeboxA=\box26
\@IEEEtmpitemindent=\dimen124
\IEEEPARstartletwidth=\dimen125
\c@IEEEbiography=\count93
\@IEEEtranrubishbin=\box27
) (/usr/share/texlive/texmf-dist/tex/latex/cite/cite.sty
LaTeX Info: Redefining \cite on input line 302.
LaTeX Info: Redefining \nocite on input line 332.
Package: cite 2015/02/27  v 5.5
)
(/usr/share/texlive/texmf-dist/tex/latex/graphics/graphicx.sty
Package: graphicx 2017/06/01 v1.1a Enhanced LaTeX Graphics (DPC,SPQR)

(/usr/share/texlive/texmf-dist/tex/latex/graphics/keyval.sty
Package: keyval 2014/10/28 v1.15 key=value parser (DPC)
\KV@toks@=\toks15
)
(/usr/share/texlive/texmf-dist/tex/latex/graphics/graphics.sty
Package: graphics 2017/06/25 v1.2c Standard LaTeX Graphics (DPC,SPQR)

(/usr/share/texlive/texmf-dist/tex/latex/graphics/trig.sty
Package: trig 2016/01/03 v1.10 sin cos tan (DPC)
)
(/usr/share/texlive/texmf-dist/tex/latex/graphics-cfg/graphics.cfg
File: graphics.cfg 2016/06/04 v1.11 sample graphics configuration
)
Package graphics Info: Driver file: pdftex.def on input line 99.

(/usr/share/texlive/texmf-dist/tex/latex/graphics-def/pdftex.def
File: pdftex.def 2017/06/24 v1.0g Graphics/color driver for pdftex
))
\Gin@req@height=\dimen126
\Gin@req@width=\dimen127
)
(/usr/share/texlive/texmf-dist/tex/latex/amsmath/amsmath.sty
Package: amsmath 2016/11/05 v2.16a AMS math features
\@mathmargin=\skip44

For additional information on amsmath, use the `?' option.
(/usr/share/texlive/texmf-dist/tex/latex/amsmath/amstext.sty
Package: amstext 2000/06/29 v2.01 AMS text

(/usr/share/texlive/texmf-dist/tex/latex/amsmath/amsgen.sty
File: amsgen.sty 1999/11/30 v2.0 generic functions
\@emptytoks=\toks16
\ex@=\dimen128
))
(/usr/share/texlive/texmf-dist/tex/latex/amsmath/amsbsy.sty
Package: amsbsy 1999/11/29 v1.2d Bold Symbols
\pmbraise@=\dimen129
)
(/usr/share/texlive/texmf-dist/tex/latex/amsmath/amsopn.sty
Package: amsopn 2016/03/08 v2.02 operator names
)
\inf@bad=\count94
LaTeX Info: Redefining \frac on input line 213.
\uproot@=\count95
\leftroot@=\count96
LaTeX Info: Redefining \overline on input line 375.
\classnum@=\count97
\DOTSCASE@=\count98
LaTeX Info: Redefining \ldots on input line 472.
LaTeX Info: Redefining \dots on input line 475.
LaTeX Info: Redefining \cdots on input line 596.
\Mathstrutbox@=\box28
\strutbox@=\box29
\big@size=\dimen130
LaTeX Font Info:    Redeclaring font encoding OML on input line 712.
LaTeX Font Info:    Redeclaring font encoding OMS on input line 713.
\macc@depth=\count99
\c@MaxMatrixCols=\count100
\dotsspace@=\muskip10
\c@parentequation=\count101
\dspbrk@lvl=\count102
\tag@help=\toks17
\row@=\count103
\column@=\count104
\maxfields@=\count105
\andhelp@=\toks18
\eqnshift@=\dimen131
\alignsep@=\dimen132
\tagshift@=\dimen133
\tagwidth@=\dimen134
\totwidth@=\dimen135
\lineht@=\dimen136
\@envbody=\toks19
\multlinegap=\skip45
\multlinetaggap=\skip46
\mathdisplay@stack=\toks20
LaTeX Info: Redefining \[ on input line 2817.
LaTeX Info: Redefining \] on input line 2818.
)
(/usr/share/texlive/texmf-dist/tex/latex/tools/array.sty
Package: array 2016/10/06 v2.4d Tabular extension package (FMi)
\col@sep=\dimen137
\extrarowheight=\dimen138
\NC@list=\toks21
\extratabsurround=\skip47
\backup@length=\skip48
)
(/usr/share/texlive/texmf-dist/tex/latex/base/fixltx2e.sty
Package: fixltx2e 2016/12/29 v2.1a fixes to LaTeX (obsolete)
Applying: [2015/01/01] Old fixltx2e package on input line 46.


Package fixltx2e Warning: fixltx2e is not required with releases after 2015
(fixltx2e)                All fixes are now in the LaTeX kernel.
(fixltx2e)                See the latexrelease package for details.

Already applied: [0000/00/00] Old fixltx2e package on input line 53.
) (/usr/share/texlive/texmf-dist/tex/latex/url/url.sty
\Urlmuskip=\muskip11
Package: url 2013/09/16  ver 3.4  Verb mode for urls, etc.
) (./meld_final.aux)
\openout1 = `meld_final.aux'.

LaTeX Font Info:    Checking defaults for OML/cmm/m/it on input line 21.
LaTeX Font Info:    ... okay on input line 21.
LaTeX Font Info:    Checking defaults for T1/cmr/m/n on input line 21.
LaTeX Font Info:    ... okay on input line 21.
LaTeX Font Info:    Checking defaults for OT1/cmr/m/n on input line 21.
LaTeX Font Info:    ... okay on input line 21.
LaTeX Font Info:    Checking defaults for OMS/cmsy/m/n on input line 21.
LaTeX Font Info:    ... okay on input line 21.
LaTeX Font Info:    Checking defaults for OMX/cmex/m/n on input line 21.
LaTeX Font Info:    ... okay on input line 21.
LaTeX Font Info:    Checking defaults for U/cmr/m/n on input line 21.
LaTeX Font Info:    ... okay on input line 21.

-- Lines per column: 32 (exact).
(/usr/share/texlive/texmf-dist/tex/context/base/mkii/supp-pdf.mkii
[Loading MPS to PDF converter (version 2006.09.02).]
\scratchcounter=\count106
\scratchdimen=\dimen139
\scratchbox=\box30
\nofMPsegments=\count107
\nofMParguments=\count108
\everyMPshowfont=\toks22
\MPscratchCnt=\count109
\MPscratchDim=\dimen140
\MPnumerator=\count110
\makeMPintoPDFobject=\count111
\everyMPtoPDFconversion=\toks23
) (/usr/share/texlive/texmf-dist/tex/latex/oberdiek/epstopdf-base.sty
Package: epstopdf-base 2016/05/15 v2.6 Base part for package epstopdf

(/usr/share/texlive/texmf-dist/tex/generic/oberdiek/infwarerr.sty
Package: infwarerr 2016/05/16 v1.4 Providing info/warning/error messages (HO)
)
(/usr/share/texlive/texmf-dist/tex/latex/oberdiek/grfext.sty
Package: grfext 2016/05/16 v1.2 Manage graphics extensions (HO)

(/usr/share/texlive/texmf-dist/tex/generic/oberdiek/kvdefinekeys.sty
Package: kvdefinekeys 2016/05/16 v1.4 Define keys (HO)

(/usr/share/texlive/texmf-dist/tex/generic/oberdiek/ltxcmds.sty
Package: ltxcmds 2016/05/16 v1.23 LaTeX kernel commands for general use (HO)
)))
(/usr/share/texlive/texmf-dist/tex/latex/oberdiek/kvoptions.sty
Package: kvoptions 2016/05/16 v3.12 Key value format for package options (HO)

(/usr/share/texlive/texmf-dist/tex/generic/oberdiek/kvsetkeys.sty
Package: kvsetkeys 2016/05/16 v1.17 Key value parser (HO)

(/usr/share/texlive/texmf-dist/tex/generic/oberdiek/etexcmds.sty
Package: etexcmds 2016/05/16 v1.6 Avoid name clashes with e-TeX commands (HO)

(/usr/share/texlive/texmf-dist/tex/generic/oberdiek/ifluatex.sty
Package: ifluatex 2016/05/16 v1.4 Provides the ifluatex switch (HO)
Package ifluatex Info: LuaTeX not detected.
)
Package etexcmds Info: Could not find \expanded.
(etexcmds)             That can mean that you are not using pdfTeX 1.50 or
(etexcmds)             that some package has redefined \expanded.
(etexcmds)             In the latter case, load this package earlier.
)))
(/usr/share/texlive/texmf-dist/tex/generic/oberdiek/pdftexcmds.sty
Package: pdftexcmds 2017/03/19 v0.25 Utility functions of pdfTeX for LuaTeX (HO
)

(/usr/share/texlive/texmf-dist/tex/generic/oberdiek/ifpdf.sty
Package: ifpdf 2017/03/15 v3.2 Provides the ifpdf switch
)
Package pdftexcmds Info: LuaTeX not detected.
Package pdftexcmds Info: \pdf@primitive is available.
Package pdftexcmds Info: \pdf@ifprimitive is available.
Package pdftexcmds Info: \pdfdraftmode found.
)
Package epstopdf-base Info: Redefining graphics rule for `.eps' on input line 4
38.
Package grfext Info: Graphics extension search list:
(grfext)             [.pdf,.jpeg,.jpg,.png,.eps]
(grfext)             \AppendGraphicsExtensions on input line 456.

(/usr/share/texlive/texmf-dist/tex/latex/latexconfig/epstopdf-sys.cfg
File: epstopdf-sys.cfg 2010/07/13 v1.3 Configuration of (r)epstopdf for TeX Liv
e
))
[1{/var/lib/texmf/fonts/map/pdftex/updmap/pdftex.map}]
** ATTENTION: \IEEEPARstart is disabled in draft mode (line 63).
[2] [3]
<finalplots/coil_preamp.png, id=15, 700.6175pt x 362.35374pt>
File: finalplots/coil_preamp.png Graphic file (type png)
<use finalplots/coil_preamp.png>
Package pdftex.def Info: finalplots/coil_preamp.png  used on input line 88. on 
input line 88.
Package pdftex.def Info: Requested size: 361.34999pt x 186.88795pt on input lin
e 88.
<finalplots/drive_feedback.png, id=17, 742.4538pt x 552.6246pt>
File: finalplots/drive_feedback.png Graphic file (type png)
<use finalplots/drive_feedback.png>
Package pdftex.def Info: finalplots/drive_feedback.png  used on input line 97. 
on input line 97.
Package pdftex.def Info: Requested size: 361.34999pt x 268.9586pt on input line
 97.
<finalplots/pcbs.jpg, id=18, 2055.68pt x 1541.76pt>
File: finalplots/pcbs.jpg Graphic file (type jpg)
<use finalplots/pcbs.jpg>
Package pdftex.def Info: finalplots/pcbs.jpg  used on input line 105. on input 
line 105.
Package pdftex.def Info: Requested size: 361.34999pt x 271.01183pt on input lin
e 105.


LaTeX Warning: `!h' float specifier changed to `!ht'.

<finalplots/helmholtz_in_shield.jpg, id=19, 2055.68pt x 1541.76pt>
File: finalplots/helmholtz_in_shield.jpg Graphic file (type jpg)
<use finalplots/helmholtz_in_shield.jpg>
Package pdftex.def Info: finalplots/helmholtz_in_shield.jpg  used on input line
 112. on input line 112.
Package pdftex.def Info: Requested size: 361.34999pt x 271.01183pt on input lin
e 112.

LaTeX Warning: `!h' float specifier changed to `!ht'.

<finalplots/2p57pp_30Hz_3Vdc_50mVpp_phase90.png, id=20, 803.0pt x 481.8pt>
File: finalplots/2p57pp_30Hz_3Vdc_50mVpp_phase90.png Graphic file (type png)
<use finalplots/2p57pp_30Hz_3Vdc_50mVpp_phase90.png>
Package pdftex.def Info: finalplots/2p57pp_30Hz_3Vdc_50mVpp_phase90.png  used o
n input line 119. on input line 119.
Package pdftex.def Info: Requested size: 361.34999pt x 216.81534pt on input lin
e 119.

LaTeX Warning: `!h' float specifier changed to `!ht'.

[4 <./finalplots/coil_preamp.png> <./finalplots/drive_feedback.png (PNG copy)>]
[5 <./finalplots/pcbs.jpg>] [6 <./finalplots/helmholtz_in_shield.jpg> <./finalp
lots/2p57pp_30Hz_3Vdc_50mVpp_phase90.png (PNG copy)>]
Overfull \hbox (2.41623pt too wide) in paragraph at lines 134--135
[]\OT1/ptm/m/n/12 For both datasets, chan-nels were pre-pro-cessed through low-
pass fil-ter-ing, fol-lowed by EOG/ECG
 []

<finalplots/mlp.png, id=31, 1638.12pt x 1059.96pt>
File: finalplots/mlp.png Graphic file (type png)
<use finalplots/mlp.png>
Package pdftex.def Info: finalplots/mlp.png  used on input line 140. on input l
ine 140.
Package pdftex.def Info: Requested size: 361.34999pt x 233.80652pt on input lin
e 140.
<finalplots/cnn.png, id=32, 1638.12pt x 1059.96pt>
File: finalplots/cnn.png Graphic file (type png)
<use finalplots/cnn.png>
Package pdftex.def Info: finalplots/cnn.png  used on input line 147. on input l
ine 147.
Package pdftex.def Info: Requested size: 361.34999pt x 233.80652pt on input lin
e 147.

LaTeX Warning: `!h' float specifier changed to `!ht'.

<finalplots/rnn.png, id=33, 1638.12pt x 1059.96pt>
File: finalplots/rnn.png Graphic file (type png)
<use finalplots/rnn.png>
Package pdftex.def Info: finalplots/rnn.png  used on input line 154. on input l
ine 154.
Package pdftex.def Info: Requested size: 361.34999pt x 233.80652pt on input lin
e 154.

LaTeX Warning: `!h' float specifier changed to `!ht'.

<finalplots/cnnrnn.png, id=34, 1638.12pt x 1059.96pt>
File: finalplots/cnnrnn.png Graphic file (type png)
<use finalplots/cnnrnn.png>
Package pdftex.def Info: finalplots/cnnrnn.png  used on input line 161. on inpu
t line 161.
Package pdftex.def Info: Requested size: 361.34999pt x 233.80652pt on input lin
e 161.

LaTeX Warning: `!h' float specifier changed to `!ht'.

[7 <./finalplots/mlp.png (PNG copy)>] [8 <./finalplots/cnn.png (PNG copy)> <./f
inalplots/rnn.png (PNG copy)>] [9 <./finalplots/cnnrnn.png (PNG copy)>]
<finalplots/aud1.png, id=46, 755.2215pt x 529.7391pt>
File: finalplots/aud1.png Graphic file (type png)
<use finalplots/aud1.png>
Package pdftex.def Info: finalplots/aud1.png  used on input line 222. on input 
line 222.
Package pdftex.def Info: Requested size: 361.34999pt x 253.46355pt on input lin
e 222.


LaTeX Warning: `!h' float specifier changed to `!ht'.

<finalplots/faces1.png, id=47, 753.7761pt x 531.9072pt>
File: finalplots/faces1.png Graphic file (type png)
<use finalplots/faces1.png>
Package pdftex.def Info: finalplots/faces1.png  used on input line 230. on inpu
t line 230.
Package pdftex.def Info: Requested size: 361.34999pt x 254.99602pt on input lin
e 230.

LaTeX Warning: `!h' float specifier changed to `!ht'.

<finalplots/tf1_0_subject_aud_pca_all_True_rand_True_cnn_True_rnn_False_locate_
1_treat_None_train_1000.png, id=48, 578.16pt x 433.62pt>
File: finalplots/tf1_0_subject_aud_pca_all_True_rand_True_cnn_True_rnn_False_lo
cate_1_treat_None_train_1000.png Graphic file (type png)
<use finalplots/tf1_0_subject_aud_pca_all_True_rand_True_cnn_True_rnn_False_loc
ate_1_treat_None_train_1000.png>
Package pdftex.def Info: finalplots/tf1_0_subject_aud_pca_all_True_rand_True_cn
n_True_rnn_False_locate_1_treat_None_train_1000.png  used on input line 238. on
 input line 238.
Package pdftex.def Info: Requested size: 361.34999pt x 271.01183pt on input lin
e 238.

LaTeX Warning: `!h' float specifier changed to `!ht'.

<finalplots/tf1_0_subject_aud_pca_all_True_rand_True_cnn_True_rnn_False_locate_
1_treat_None.png, id=49, 578.16pt x 433.62pt>
File: finalplots/tf1_0_subject_aud_pca_all_True_rand_True_cnn_True_rnn_False_lo
cate_1_treat_None.png Graphic file (type png)
<use finalplots/tf1_0_subject_aud_pca_all_True_rand_True_cnn_True_rnn_False_loc
ate_1_treat_None.png>
Package pdftex.def Info: finalplots/tf1_0_subject_aud_pca_all_True_rand_True_cn
n_True_rnn_False_locate_1_treat_None.png  used on input line 246. on input line
 246.
Package pdftex.def Info: Requested size: 361.34999pt x 271.01183pt on input lin
e 246.

LaTeX Warning: `!h' float specifier changed to `!ht'.

[10]

LaTeX Warning: Text page 11 contains only floats.

[11 <./finalplots/aud1.png> <./finalplots/faces1.png>]
<finalplots/aud100.png, id=58, 753.7761pt x 527.571pt>
File: finalplots/aud100.png Graphic file (type png)
<use finalplots/aud100.png>
Package pdftex.def Info: finalplots/aud100.png  used on input line 256. on inpu
t line 256.
Package pdftex.def Info: Requested size: 361.34999pt x 252.91725pt on input lin
e 256.


LaTeX Warning: `!h' float specifier changed to `!ht'.

<finalplots/faces100.png, id=59, 753.7761pt x 527.571pt>
File: finalplots/faces100.png Graphic file (type png)
<use finalplots/faces100.png>
Package pdftex.def Info: finalplots/faces100.png  used on input line 263. on in
put line 263.
Package pdftex.def Info: Requested size: 361.34999pt x 252.91725pt on input lin
e 263.

LaTeX Warning: `!h' float specifier changed to `!ht'.

<finalplots/aud1la.png, id=60, 756.6669pt x 523.9575pt>
File: finalplots/aud1la.png Graphic file (type png)
<use finalplots/aud1la.png>
Package pdftex.def Info: finalplots/aud1la.png  used on input line 271. on inpu
t line 271.
Package pdftex.def Info: Requested size: 361.34999pt x 250.21754pt on input lin
e 271.
[12 <./finalplots/tf1_0_subject_aud_pca_all_True_rand_True_cnn_True_rnn_False_l
ocate_1_treat_None_train_1000.png>]

LaTeX Warning: Text page 13 contains only floats.

[13 <./finalplots/tf1_0_subject_aud_pca_all_True_rand_True_cnn_True_rnn_False_l
ocate_1_treat_None.png> <./finalplots/aud100.png>]

LaTeX Warning: `!h' float specifier changed to `!ht'.

<finalplots/faces1ff.png, id=71, 753.7761pt x 532.6299pt>
File: finalplots/faces1ff.png Graphic file (type png)
<use finalplots/faces1ff.png>
Package pdftex.def Info: finalplots/faces1ff.png  used on input line 278. on in
put line 278.
Package pdftex.def Info: Requested size: 361.34999pt x 255.34247pt on input lin
e 278.

LaTeX Warning: `!h' float specifier changed to `!ht'.

Missing character: There is no â in font ptmr7t!
Missing character: There is no € in font ptmr7t!
Missing character: There is no ™ in font ptmr7t!
[14 <./finalplots/faces100.png>]

LaTeX Warning: Text page 15 contains only floats.

[15 <./finalplots/aud1la.png> <./finalplots/faces1ff.png>]
<finalplots/stereotax1.jpg, id=81, 2055.68pt x 1541.76pt>
File: finalplots/stereotax1.jpg Graphic file (type jpg)
<use finalplots/stereotax1.jpg>
Package pdftex.def Info: finalplots/stereotax1.jpg  used on input line 291. on 
input line 291.
Package pdftex.def Info: Requested size: 361.34999pt x 271.01183pt on input lin
e 291.
<finalplots/norat5dbpink.png, id=82, 578.16pt x 433.62pt>
File: finalplots/norat5dbpink.png Graphic file (type png)
<use finalplots/norat5dbpink.png>
Package pdftex.def Info: finalplots/norat5dbpink.png  used on input line 298. o
n input line 298.
Package pdftex.def Info: Requested size: 361.34999pt x 271.01183pt on input lin
e 298.


LaTeX Warning: `!h' float specifier changed to `!ht'.

<finalplots/rat5dbpink.png, id=83, 578.16pt x 433.62pt>
File: finalplots/rat5dbpink.png Graphic file (type png)
<use finalplots/rat5dbpink.png>
Package pdftex.def Info: finalplots/rat5dbpink.png  used on input line 305. on 
input line 305.
Package pdftex.def Info: Requested size: 361.34999pt x 271.01183pt on input lin
e 305.

LaTeX Warning: `!h' float specifier changed to `!ht'.

<finalplots/rat-120dbpink.png, id=84, 578.16pt x 433.62pt>
File: finalplots/rat-120dbpink.png Graphic file (type png)
<use finalplots/rat-120dbpink.png>
Package pdftex.def Info: finalplots/rat-120dbpink.png  used on input line 312. 
on input line 312.
Package pdftex.def Info: Requested size: 361.34999pt x 271.01183pt on input lin
e 312.

LaTeX Warning: `!h' float specifier changed to `!ht'.

<finalplots/rat5db1k.png, id=85, 578.16pt x 433.62pt>
File: finalplots/rat5db1k.png Graphic file (type png)
<use finalplots/rat5db1k.png>
Package pdftex.def Info: finalplots/rat5db1k.png  used on input line 319. on in
put line 319.
Package pdftex.def Info: Requested size: 361.34999pt x 271.01183pt on input lin
e 319.

LaTeX Warning: `!h' float specifier changed to `!ht'.

<finalplots/rat5db16k.png, id=86, 578.16pt x 433.62pt>
File: finalplots/rat5db16k.png Graphic file (type png)
<use finalplots/rat5db16k.png>
Package pdftex.def Info: finalplots/rat5db16k.png  used on input line 326. on i
nput line 326.
Package pdftex.def Info: Requested size: 361.34999pt x 271.01183pt on input lin
e 326.

LaTeX Warning: `!h' float specifier changed to `!ht'.

<finalplots/train_real_test_real_valid.png, id=87, 932.48375pt x 560.0925pt>
File: finalplots/train_real_test_real_valid.png Graphic file (type png)
<use finalplots/train_real_test_real_valid.png>
Package pdftex.def Info: finalplots/train_real_test_real_valid.png  used on inp
ut line 334. on input line 334.
Package pdftex.def Info: Requested size: 361.34999pt x 217.04214pt on input lin
e 334.

LaTeX Warning: `!h' float specifier changed to `!ht'.

<finalplots/train_synth_test_real_valid.png, id=88, 930.47626pt x 555.07375pt>
File: finalplots/train_synth_test_real_valid.png Graphic file (type png)
<use finalplots/train_synth_test_real_valid.png>
Package pdftex.def Info: finalplots/train_synth_test_real_valid.png  used on in
put line 341. on input line 341.
Package pdftex.def Info: Requested size: 361.34999pt x 215.56314pt on input lin
e 341.

LaTeX Warning: `!h' float specifier changed to `!ht'.

[16 <./finalplots/stereotax1.jpg>] (./meld_final.bbl [17 <./finalplots/norat5db
pink.png>] [18 <./finalplots/rat5dbpink.png>] [19 <./finalplots/rat-120dbpink.p
ng>]) [20 <./finalplots/rat5db1k.png>] [21 <./finalplots/rat5db16k.png> <./fina
lplots/train_real_test_real_valid.png>] [22 <./finalplots/train_synth_test_real
_valid.png>] (./meld_final.aux) ) 
Here is how much of TeX's memory you used:
 3285 strings out of 494931
 52313 string characters out of 6180851
 107602 words of memory out of 5000000
 6519 multiletter control sequences out of 15000+600000
 40672 words of font info for 80 fonts, out of 8000000 for 9000
 17 hyphenation exceptions out of 8191
 41i,7n,25p,1677b,303s stack positions out of 5000i,500n,10000p,200000b,80000s
{/usr/share/texlive/texmf-dist/fonts/enc/dvips
/base/8r.enc}</usr/share/texlive/texmf-dist/fonts/type1/public/amsfonts/cm/cmmi
12.pfb></usr/share/texlive/texmf-dist/fonts/type1/public/amsfonts/cm/cmr12.pfb>
</usr/share/texlive/texmf-dist/fonts/type1/public/amsfonts/cm/cmsy10.pfb></usr/
share/texlive/texmf-dist/fonts/type1/urw/times/utmb8a.pfb></usr/share/texlive/t
exmf-dist/fonts/type1/urw/times/utmr8a.pfb></usr/share/texlive/texmf-dist/fonts
/type1/urw/times/utmri8a.pfb>
Output written on meld_final.pdf (22 pages, 4925067 bytes).
PDF statistics:
 142 PDF objects out of 1000 (max. 8388607)
 70 compressed objects within 1 object stream
 0 named destinations out of 1000 (max. 500000)
 126 words of extra memory for PDF output out of 10000 (max. 10000000)

