This is pdfTeX, Version 3.14159265-2.6-1.40.16 (TeX Live 2015/Debian) (preloaded format=pdflatex 2017.8.25)  4 DEC 2017 08:33
entering extended mode
 restricted \write18 enabled.
 %&-line parsing enabled.
**tnnls2017_2.tex
(./tnnls2017_2.tex
LaTeX2e <2016/02/01>
Babel <3.9q> and hyphenation patterns for 81 language(s) loaded.
(/usr/share/texlive/texmf-dist/tex/latex/IEEEtran/IEEEtran.cls
Document Class: IEEEtran 2015/08/26 V1.8b by Michael Shell
-- See the "IEEEtran_HOWTO" manual for usage information.
-- http://www.michaelshell.org/tex/ieeetran/
\@IEEEtrantmpdimenA=\dimen102
\@IEEEtrantmpdimenB=\dimen103
\@IEEEtrantmpdimenC=\dimen104
\@IEEEtrantmpcountA=\count79
\@IEEEtrantmpcountB=\count80
\@IEEEtrantmpcountC=\count81
\@IEEEtrantmptoksA=\toks14
LaTeX Font Info:    Try loading font information for OT1+ptm on input line 503.

(/usr/share/texlive/texmf-dist/tex/latex/psnfss/ot1ptm.fd
File: ot1ptm.fd 2001/06/04 font definitions for OT1/ptm.
)
-- Using 8.5in x 11in (letter) paper.
-- Using PDF output.
\@IEEEnormalsizeunitybaselineskip=\dimen105
-- This is a 10 point document.
\CLASSINFOnormalsizebaselineskip=\dimen106
\CLASSINFOnormalsizeunitybaselineskip=\dimen107
\IEEEnormaljot=\dimen108
LaTeX Font Info:    Font shape `OT1/ptm/bx/n' in size <5> not available
(Font)              Font shape `OT1/ptm/b/n' tried instead on input line 1090.
LaTeX Font Info:    Font shape `OT1/ptm/bx/it' in size <5> not available
(Font)              Font shape `OT1/ptm/b/it' tried instead on input line 1090.

LaTeX Font Info:    Font shape `OT1/ptm/bx/n' in size <7> not available
(Font)              Font shape `OT1/ptm/b/n' tried instead on input line 1090.
LaTeX Font Info:    Font shape `OT1/ptm/bx/it' in size <7> not available
(Font)              Font shape `OT1/ptm/b/it' tried instead on input line 1090.

LaTeX Font Info:    Font shape `OT1/ptm/bx/n' in size <8> not available
(Font)              Font shape `OT1/ptm/b/n' tried instead on input line 1090.
LaTeX Font Info:    Font shape `OT1/ptm/bx/it' in size <8> not available
(Font)              Font shape `OT1/ptm/b/it' tried instead on input line 1090.

LaTeX Font Info:    Font shape `OT1/ptm/bx/n' in size <9> not available
(Font)              Font shape `OT1/ptm/b/n' tried instead on input line 1090.
LaTeX Font Info:    Font shape `OT1/ptm/bx/it' in size <9> not available
(Font)              Font shape `OT1/ptm/b/it' tried instead on input line 1090.

LaTeX Font Info:    Font shape `OT1/ptm/bx/n' in size <10> not available
(Font)              Font shape `OT1/ptm/b/n' tried instead on input line 1090.
LaTeX Font Info:    Font shape `OT1/ptm/bx/it' in size <10> not available
(Font)              Font shape `OT1/ptm/b/it' tried instead on input line 1090.

LaTeX Font Info:    Font shape `OT1/ptm/bx/n' in size <11> not available
(Font)              Font shape `OT1/ptm/b/n' tried instead on input line 1090.
LaTeX Font Info:    Font shape `OT1/ptm/bx/it' in size <11> not available
(Font)              Font shape `OT1/ptm/b/it' tried instead on input line 1090.

LaTeX Font Info:    Font shape `OT1/ptm/bx/n' in size <12> not available
(Font)              Font shape `OT1/ptm/b/n' tried instead on input line 1090.
LaTeX Font Info:    Font shape `OT1/ptm/bx/it' in size <12> not available
(Font)              Font shape `OT1/ptm/b/it' tried instead on input line 1090.

LaTeX Font Info:    Font shape `OT1/ptm/bx/n' in size <17> not available
(Font)              Font shape `OT1/ptm/b/n' tried instead on input line 1090.
LaTeX Font Info:    Font shape `OT1/ptm/bx/it' in size <17> not available
(Font)              Font shape `OT1/ptm/b/it' tried instead on input line 1090.

LaTeX Font Info:    Font shape `OT1/ptm/bx/n' in size <20> not available
(Font)              Font shape `OT1/ptm/b/n' tried instead on input line 1090.
LaTeX Font Info:    Font shape `OT1/ptm/bx/it' in size <20> not available
(Font)              Font shape `OT1/ptm/b/it' tried instead on input line 1090.

LaTeX Font Info:    Font shape `OT1/ptm/bx/n' in size <24> not available
(Font)              Font shape `OT1/ptm/b/n' tried instead on input line 1090.
LaTeX Font Info:    Font shape `OT1/ptm/bx/it' in size <24> not available
(Font)              Font shape `OT1/ptm/b/it' tried instead on input line 1090.

\IEEEquantizedlength=\dimen109
\IEEEquantizedlengthdiff=\dimen110
\IEEEquantizedtextheightdiff=\dimen111
\IEEEilabelindentA=\dimen112
\IEEEilabelindentB=\dimen113
\IEEEilabelindent=\dimen114
\IEEEelabelindent=\dimen115
\IEEEdlabelindent=\dimen116
\IEEElabelindent=\dimen117
\IEEEiednormlabelsep=\dimen118
\IEEEiedmathlabelsep=\dimen119
\IEEEiedtopsep=\skip41
\c@section=\count82
\c@subsection=\count83
\c@subsubsection=\count84
\c@paragraph=\count85
\c@IEEEsubequation=\count86
\abovecaptionskip=\skip42
\belowcaptionskip=\skip43
\c@figure=\count87
\c@table=\count88
\@IEEEeqnnumcols=\count89
\@IEEEeqncolcnt=\count90
\@IEEEsubeqnnumrollback=\count91
\@IEEEquantizeheightA=\dimen120
\@IEEEquantizeheightB=\dimen121
\@IEEEquantizeheightC=\dimen122
\@IEEEquantizeprevdepth=\dimen123
\@IEEEquantizemultiple=\count92
\@IEEEquantizeboxA=\box26
\@IEEEtmpitemindent=\dimen124
\IEEEPARstartletwidth=\dimen125
\c@IEEEbiography=\count93
\@IEEEtranrubishbin=\box27
) (/usr/share/texlive/texmf-dist/tex/latex/cite/cite.sty
LaTeX Info: Redefining \cite on input line 302.
LaTeX Info: Redefining \nocite on input line 332.
Package: cite 2015/02/27  v 5.5
)
(/usr/share/texlive/texmf-dist/tex/latex/graphics/graphicx.sty
Package: graphicx 2014/10/28 v1.0g Enhanced LaTeX Graphics (DPC,SPQR)

(/usr/share/texlive/texmf-dist/tex/latex/graphics/keyval.sty
Package: keyval 2014/10/28 v1.15 key=value parser (DPC)
\KV@toks@=\toks15
)
(/usr/share/texlive/texmf-dist/tex/latex/graphics/graphics.sty
Package: graphics 2016/01/03 v1.0q Standard LaTeX Graphics (DPC,SPQR)

(/usr/share/texlive/texmf-dist/tex/latex/graphics/trig.sty
Package: trig 2016/01/03 v1.10 sin cos tan (DPC)
)
(/usr/share/texlive/texmf-dist/tex/latex/latexconfig/graphics.cfg
File: graphics.cfg 2010/04/23 v1.9 graphics configuration of TeX Live
)
Package graphics Info: Driver file: pdftex.def on input line 95.

(/usr/share/texlive/texmf-dist/tex/latex/pdftex-def/pdftex.def
File: pdftex.def 2011/05/27 v0.06d Graphics/color for pdfTeX

(/usr/share/texlive/texmf-dist/tex/generic/oberdiek/infwarerr.sty
Package: infwarerr 2010/04/08 v1.3 Providing info/warning/error messages (HO)
)
(/usr/share/texlive/texmf-dist/tex/generic/oberdiek/ltxcmds.sty
Package: ltxcmds 2011/11/09 v1.22 LaTeX kernel commands for general use (HO)
)
\Gread@gobject=\count94
))
\Gin@req@height=\dimen126
\Gin@req@width=\dimen127
)
(/usr/share/texlive/texmf-dist/tex/latex/amsmath/amsmath.sty
Package: amsmath 2016/03/03 v2.15a AMS math features
\@mathmargin=\skip44

For additional information on amsmath, use the `?' option.
(/usr/share/texlive/texmf-dist/tex/latex/amsmath/amstext.sty
Package: amstext 2000/06/29 v2.01 AMS text

(/usr/share/texlive/texmf-dist/tex/latex/amsmath/amsgen.sty
File: amsgen.sty 1999/11/30 v2.0 generic functions
\@emptytoks=\toks16
\ex@=\dimen128
))
(/usr/share/texlive/texmf-dist/tex/latex/amsmath/amsbsy.sty
Package: amsbsy 1999/11/29 v1.2d Bold Symbols
\pmbraise@=\dimen129
)
(/usr/share/texlive/texmf-dist/tex/latex/amsmath/amsopn.sty
Package: amsopn 1999/12/14 v2.01 operator names
)
\inf@bad=\count95
LaTeX Info: Redefining \frac on input line 199.
\uproot@=\count96
\leftroot@=\count97
LaTeX Info: Redefining \overline on input line 297.
\classnum@=\count98
\DOTSCASE@=\count99
LaTeX Info: Redefining \ldots on input line 394.
LaTeX Info: Redefining \dots on input line 397.
LaTeX Info: Redefining \cdots on input line 518.
\Mathstrutbox@=\box28
\strutbox@=\box29
\big@size=\dimen130
LaTeX Font Info:    Redeclaring font encoding OML on input line 630.
LaTeX Font Info:    Redeclaring font encoding OMS on input line 631.
\macc@depth=\count100
\c@MaxMatrixCols=\count101
\dotsspace@=\muskip10
\c@parentequation=\count102
\dspbrk@lvl=\count103
\tag@help=\toks17
\row@=\count104
\column@=\count105
\maxfields@=\count106
\andhelp@=\toks18
\eqnshift@=\dimen131
\alignsep@=\dimen132
\tagshift@=\dimen133
\tagwidth@=\dimen134
\totwidth@=\dimen135
\lineht@=\dimen136
\@envbody=\toks19
\multlinegap=\skip45
\multlinetaggap=\skip46
\mathdisplay@stack=\toks20
LaTeX Info: Redefining \[ on input line 2735.
LaTeX Info: Redefining \] on input line 2736.
)
(/usr/share/texlive/texmf-dist/tex/latex/tools/array.sty
Package: array 2014/10/28 v2.4c Tabular extension package (FMi)
\col@sep=\dimen137
\extrarowheight=\dimen138
\NC@list=\toks21
\extratabsurround=\skip47
\backup@length=\skip48
)
(/usr/share/texlive/texmf-dist/tex/latex/base/fixltx2e.sty
Package: fixltx2e 2015/06/22 v2.0b fixes to LaTeX (obsolete)


Package fixltx2e Warning: fixltx2e is not required with releases after 2015
(fixltx2e)                All fixes are now in the LaTeX kernel.
(fixltx2e)                See the latexrelease package for details.

) (/usr/share/texlive/texmf-dist/tex/latex/url/url.sty
\Urlmuskip=\muskip11
Package: url 2013/09/16  ver 3.4  Verb mode for urls, etc.
)
(/usr/share/texlive/texmf-dist/tex/latex/float/float.sty
Package: float 2001/11/08 v1.3d Float enhancements (AL)
\c@float@type=\count107
\float@exts=\toks22
\float@box=\box30
\@float@everytoks=\toks23
\@floatcapt=\box31
) (./tnnls2017_2.aux)
\openout1 = `tnnls2017_2.aux'.

LaTeX Font Info:    Checking defaults for OML/cmm/m/it on input line 23.
LaTeX Font Info:    ... okay on input line 23.
LaTeX Font Info:    Checking defaults for T1/cmr/m/n on input line 23.
LaTeX Font Info:    ... okay on input line 23.
LaTeX Font Info:    Checking defaults for OT1/cmr/m/n on input line 23.
LaTeX Font Info:    ... okay on input line 23.
LaTeX Font Info:    Checking defaults for OMS/cmsy/m/n on input line 23.
LaTeX Font Info:    ... okay on input line 23.
LaTeX Font Info:    Checking defaults for OMX/cmex/m/n on input line 23.
LaTeX Font Info:    ... okay on input line 23.
LaTeX Font Info:    Checking defaults for U/cmr/m/n on input line 23.
LaTeX Font Info:    ... okay on input line 23.

-- Lines per column: 58 (exact).
(/usr/share/texlive/texmf-dist/tex/context/base/supp-pdf.mkii
[Loading MPS to PDF converter (version 2006.09.02).]
\scratchcounter=\count108
\scratchdimen=\dimen139
\scratchbox=\box32
\nofMPsegments=\count109
\nofMParguments=\count110
\everyMPshowfont=\toks24
\MPscratchCnt=\count111
\MPscratchDim=\dimen140
\MPnumerator=\count112
\makeMPintoPDFobject=\count113
\everyMPtoPDFconversion=\toks25
) (/usr/share/texlive/texmf-dist/tex/generic/oberdiek/pdftexcmds.sty
Package: pdftexcmds 2011/11/29 v0.20 Utility functions of pdfTeX for LuaTeX (HO
)

(/usr/share/texlive/texmf-dist/tex/generic/oberdiek/ifluatex.sty
Package: ifluatex 2010/03/01 v1.3 Provides the ifluatex switch (HO)
Package ifluatex Info: LuaTeX not detected.
)
(/usr/share/texlive/texmf-dist/tex/generic/oberdiek/ifpdf.sty
Package: ifpdf 2011/01/30 v2.3 Provides the ifpdf switch (HO)
Package ifpdf Info: pdfTeX in PDF mode is detected.
)
Package pdftexcmds Info: LuaTeX not detected.
Package pdftexcmds Info: \pdf@primitive is available.
Package pdftexcmds Info: \pdf@ifprimitive is available.
Package pdftexcmds Info: \pdfdraftmode found.
)
(/usr/share/texlive/texmf-dist/tex/latex/oberdiek/epstopdf-base.sty
Package: epstopdf-base 2010/02/09 v2.5 Base part for package epstopdf

(/usr/share/texlive/texmf-dist/tex/latex/oberdiek/grfext.sty
Package: grfext 2010/08/19 v1.1 Manage graphics extensions (HO)

(/usr/share/texlive/texmf-dist/tex/generic/oberdiek/kvdefinekeys.sty
Package: kvdefinekeys 2011/04/07 v1.3 Define keys (HO)
))
(/usr/share/texlive/texmf-dist/tex/latex/oberdiek/kvoptions.sty
Package: kvoptions 2011/06/30 v3.11 Key value format for package options (HO)

(/usr/share/texlive/texmf-dist/tex/generic/oberdiek/kvsetkeys.sty
Package: kvsetkeys 2012/04/25 v1.16 Key value parser (HO)

(/usr/share/texlive/texmf-dist/tex/generic/oberdiek/etexcmds.sty
Package: etexcmds 2011/02/16 v1.5 Avoid name clashes with e-TeX commands (HO)
Package etexcmds Info: Could not find \expanded.
(etexcmds)             That can mean that you are not using pdfTeX 1.50 or
(etexcmds)             that some package has redefined \expanded.
(etexcmds)             In the latter case, load this package earlier.
)))
Package grfext Info: Graphics extension search list:
(grfext)             [.pdf,.jpeg,.png,.eps]
(grfext)             \AppendGraphicsExtensions on input line 452.

(/usr/share/texlive/texmf-dist/tex/latex/latexconfig/epstopdf-sys.cfg
File: epstopdf-sys.cfg 2010/07/13 v1.3 Configuration of (r)epstopdf for TeX Liv
e
))
</home/jcasa/meld/tnrse2017/finalplots/3cartoons.png, id=1, 1787.67876pt x 1532
.72626pt>
File: /home/jcasa/meld/tnrse2017/finalplots/3cartoons.png Graphic file (type pn
g)
 <use /home/jcasa/meld/tnrse2017/finalplots/3cartoons.png>
Package pdftex.def Info: /home/jcasa/meld/tnrse2017/finalplots/3cartoons.png us
ed on input line 70.
(pdftex.def)             Requested size: 361.34999pt x 309.81407pt.


LaTeX Warning: `!h' float specifier changed to `!ht'.

[1{/var/lib/texmf/fonts/map/pdftex/updmap/pdftex.map}


]
Underfull \vbox (badness 10000) has occurred while \output is active []

 [2 </home/jcasa/meld/tnrse2017/finalplots/3cartoons.png>]
Underfull \hbox (badness 10000) in paragraph at lines 96--97
[]\OT1/ptm/m/n/10 For both datasets, chan-nels were pre-pro-cessed
 []


Underfull \hbox (badness 7344) in paragraph at lines 96--97
\OT1/ptm/m/n/10 through low-pass fil-ter-ing, fol-lowed by elec-trooc-u-laro-
 []

</home/jcasa/meld/tnrse2017/finalplots/mlp.png, id=16, 1638.12pt x 1059.96pt>
File: /home/jcasa/meld/tnrse2017/finalplots/mlp.png Graphic file (type png)

<use /home/jcasa/meld/tnrse2017/finalplots/mlp.png>
Package pdftex.def Info: /home/jcasa/meld/tnrse2017/finalplots/mlp.png used on 
input line 101.
(pdftex.def)             Requested size: 361.34999pt x 233.80652pt.


LaTeX Warning: `!h' float specifier changed to `!ht'.

</home/jcasa/meld/tnrse2017/finalplots/cnn.png, id=17, 1638.12pt x 1059.96pt>
File: /home/jcasa/meld/tnrse2017/finalplots/cnn.png Graphic file (type png)

<use /home/jcasa/meld/tnrse2017/finalplots/cnn.png>
Package pdftex.def Info: /home/jcasa/meld/tnrse2017/finalplots/cnn.png used on 
input line 109.
(pdftex.def)             Requested size: 361.34999pt x 233.80652pt.


LaTeX Warning: `!h' float specifier changed to `!ht'.

</home/jcasa/meld/tnrse2017/finalplots/rnn.png, id=18, 1638.12pt x 1059.96pt>
File: /home/jcasa/meld/tnrse2017/finalplots/rnn.png Graphic file (type png)

<use /home/jcasa/meld/tnrse2017/finalplots/rnn.png>
Package pdftex.def Info: /home/jcasa/meld/tnrse2017/finalplots/rnn.png used on 
input line 116.
(pdftex.def)             Requested size: 361.34999pt x 233.80652pt.


LaTeX Warning: `!h' float specifier changed to `!ht'.


</home/jcasa/meld/tnrse2017/finalplots/cnnrnn.png, id=19, 1638.12pt x 1059.96pt
>
File: /home/jcasa/meld/tnrse2017/finalplots/cnnrnn.png Graphic file (type png)
 <use /home/jcasa/meld/tnrse2017/finalplots/cnnrnn.png>
Package pdftex.def Info: /home/jcasa/meld/tnrse2017/finalplots/cnnrnn.png used 
on input line 123.
(pdftex.def)             Requested size: 361.34999pt x 233.80652pt.


LaTeX Warning: `!h' float specifier changed to `!ht'.


LaTeX Warning: `!h' float specifier changed to `!ht'.


LaTeX Warning: `!h' float specifier changed to `!ht'.


</home/jcasa/meld/tnrse2017/finalplots/aud1.png, id=20, 1175.1102pt x 641.0349p
t>
File: /home/jcasa/meld/tnrse2017/finalplots/aud1.png Graphic file (type png)
 <use /home/jcasa/meld/tnrse2017/finalplots/aud1.png>
Package pdftex.def Info: /home/jcasa/meld/tnrse2017/finalplots/aud1.png used on
 input line 183.
(pdftex.def)             Requested size: 487.8225pt x 266.11255pt.


LaTeX Warning: `!h' float specifier changed to `!ht'.


</home/jcasa/meld/tnrse2017/finalplots/faces1.png, id=21, 1175.1102pt x 641.034
9pt>
File: /home/jcasa/meld/tnrse2017/finalplots/faces1.png Graphic file (type png)
 <use /home/jcasa/meld/tnrse2017/finalplots/faces1.png>
Package pdftex.def Info: /home/jcasa/meld/tnrse2017/finalplots/faces1.png used 
on input line 191.
(pdftex.def)             Requested size: 487.8225pt x 266.11255pt.


LaTeX Warning: `!h' float specifier changed to `!ht'.


</home/jcasa/meld/tnrse2017/finalplots/faces1_8.png, id=22, 1175.1102pt x 641.0
349pt>
File: /home/jcasa/meld/tnrse2017/finalplots/faces1_8.png Graphic file (type png
)
 <use /home/jcasa/meld/tnrse2017/finalplots/faces1_8.png>
Package pdftex.def Info: /home/jcasa/meld/tnrse2017/finalplots/faces1_8.png use
d on input line 198.
(pdftex.def)             Requested size: 487.8225pt x 266.11255pt.


LaTeX Warning: `!h' float specifier changed to `!ht'.


</home/jcasa/meld/tnrse2017/finalplots/aud100.png, id=23, 1175.1102pt x 641.034
9pt>
File: /home/jcasa/meld/tnrse2017/finalplots/aud100.png Graphic file (type png)
 <use /home/jcasa/meld/tnrse2017/finalplots/aud100.png>
Package pdftex.def Info: /home/jcasa/meld/tnrse2017/finalplots/aud100.png used 
on input line 205.
(pdftex.def)             Requested size: 487.8225pt x 266.11255pt.


LaTeX Warning: `!h' float specifier changed to `!ht'.


</home/jcasa/meld/tnrse2017/finalplots/faces100.png, id=24, 1175.1102pt x 641.0
349pt>
File: /home/jcasa/meld/tnrse2017/finalplots/faces100.png Graphic file (type png
)
 <use /home/jcasa/meld/tnrse2017/finalplots/faces100.png>
Package pdftex.def Info: /home/jcasa/meld/tnrse2017/finalplots/faces100.png use
d on input line 212.
(pdftex.def)             Requested size: 487.8225pt x 266.11255pt.


LaTeX Warning: `!h' float specifier changed to `!ht'.


</home/jcasa/meld/tnrse2017/finalplots/faces100_8.png, id=25, 1175.1102pt x 641
.0349pt>
File: /home/jcasa/meld/tnrse2017/finalplots/faces100_8.png Graphic file (type p
ng)
 <use /home/jcasa/meld/tnrse2017/finalplots/faces100_8.png>
Package pdftex.def Info: /home/jcasa/meld/tnrse2017/finalplots/faces100_8.png u
sed on input line 219.
(pdftex.def)             Requested size: 487.8225pt x 266.11255pt.


LaTeX Warning: `!h' float specifier changed to `!ht'.


</home/jcasa/meld/tnrse2017/finalplots/aud1la.png, id=26, 1175.1102pt x 641.034
9pt>
File: /home/jcasa/meld/tnrse2017/finalplots/aud1la.png Graphic file (type png)
 <use /home/jcasa/meld/tnrse2017/finalplots/aud1la.png>
Package pdftex.def Info: /home/jcasa/meld/tnrse2017/finalplots/aud1la.png used 
on input line 226.
(pdftex.def)             Requested size: 487.8225pt x 266.11255pt.


LaTeX Warning: `!h' float specifier changed to `!ht'.


</home/jcasa/meld/tnrse2017/finalplots/faces1ff.png, id=27, 1175.1102pt x 641.0
349pt>
File: /home/jcasa/meld/tnrse2017/finalplots/faces1ff.png Graphic file (type png
)
 <use /home/jcasa/meld/tnrse2017/finalplots/faces1ff.png>
Package pdftex.def Info: /home/jcasa/meld/tnrse2017/finalplots/faces1ff.png use
d on input line 234.
(pdftex.def)             Requested size: 487.8225pt x 266.11255pt.


LaTeX Warning: `!h' float specifier changed to `!ht'.


</home/jcasa/meld/tnrse2017/finalplots/faces1ff_8.png, id=28, 1175.1102pt x 641
.0349pt>
File: /home/jcasa/meld/tnrse2017/finalplots/faces1ff_8.png Graphic file (type p
ng)
 <use /home/jcasa/meld/tnrse2017/finalplots/faces1ff_8.png>
Package pdftex.def Info: /home/jcasa/meld/tnrse2017/finalplots/faces1ff_8.png u
sed on input line 241.
(pdftex.def)             Requested size: 487.8225pt x 266.11255pt.


LaTeX Warning: `!h' float specifier changed to `!ht'.

[3]
Underfull \vbox (badness 10000) has occurred while \output is active []

 [4 </home/jcasa/meld/tnrse2017/finalplots/mlp.png (PNG copy)> </home/jcasa/mel
d/tnrse2017/finalplots/cnn.png (PNG copy)>]
Underfull \vbox (badness 10000) has occurred while \output is active []


Underfull \vbox (badness 10000) has occurred while \output is active []

 [5 </home/jcasa/meld/tnrse2017/finalplots/rnn.png (PNG copy)> </home/jcasa/mel
d/tnrse2017/finalplots/cnnrnn.png (PNG copy)>]
Underfull \vbox (badness 10000) has occurred while \output is active []

 [6 </home/jcasa/meld/tnrse2017/finalplots/aud1.png> </home/jcasa/meld/tnrse201
7/finalplots/faces1.png>]
Underfull \vbox (badness 10000) has occurred while \output is active []

 [7 </home/jcasa/meld/tnrse2017/finalplots/faces1_8.png> </home/jcasa/meld/tnrs
e2017/finalplots/aud100.png>] (./tnnls2017_2.bbl
Underfull \vbox (badness 8000) has occurred while \output is active []

 [8 </home/jcasa/meld/tnrse2017/finalplots/faces100.png> </home/jcasa/meld/tnrs
e2017/finalplots/faces100_8.png>]
Underfull \hbox (badness 10000) in paragraph at lines 58--61
[]\OT1/ptm/m/n/8 ``Source lo-cal-iza-tion with MNE/dSPM/sLORETA,'' $https :
 []


Underfull \hbox (badness 10000) in paragraph at lines 58--61
\OT1/ptm/m/n/8 / / www . martinos . org / mne / stable / auto[]tutorials / plot
[]mne[]dspm[]source[]
 []


Underfull \vbox (badness 2368) has occurred while \output is active []


Underfull \vbox (badness 8000) has occurred while \output is active []

 [9 </home/jcasa/meld/tnrse2017/finalplots/aud1la.png> </home/jcasa/meld/tnrse2
017/finalplots/faces1ff.png>])
Underfull \vbox (badness 2809) has occurred while \output is active []

Missing character: There is no â in font ptmr7t!
Missing character: There is no € in font ptmr7t!
Missing character: There is no ™ in font ptmr7t!
 [10 </home/jcasa/meld/tnrse2017/finalplots/faces1ff_8.png>]
Missing character: There is no â in font ptmr7t!
Missing character: There is no € in font ptmr7t!
Missing character: There is no “ in font ptmr7t!
 [11

] (./tnnls2017_2.aux) ) 
Here is how much of TeX's memory you used:
 3319 strings out of 493029
 52388 string characters out of 6136234
 128016 words of memory out of 5000000
 6794 multiletter control sequences out of 15000+600000
 44567 words of font info for 82 fonts, out of 8000000 for 9000
 1144 hyphenation exceptions out of 8191
 38i,7n,23p,1601b,343s stack positions out of 5000i,500n,10000p,200000b,80000s
{/usr/share/texlive/texmf-dist/fonts/enc/dvips/base/8r.e
nc}</usr/share/texlive/texmf-dist/fonts/type1/public/amsfonts/cm/cmmi10.pfb></u
sr/share/texlive/texmf-dist/fonts/type1/urw/times/utmb8a.pfb></usr/share/texliv
e/texmf-dist/fonts/type1/urw/times/utmbi8a.pfb></usr/share/texlive/texmf-dist/f
onts/type1/urw/times/utmr8a.pfb></usr/share/texlive/texmf-dist/fonts/type1/urw/
times/utmri8a.pfb>
Output written on tnnls2017_2.pdf (11 pages, 1874562 bytes).
PDF statistics:
 86 PDF objects out of 1000 (max. 8388607)
 43 compressed objects within 1 object stream
 0 named destinations out of 1000 (max. 500000)
 71 words of extra memory for PDF output out of 10000 (max. 10000000)

